[2025-03-18 14:50:33.997] [debug] reading ./torus_wheel/7_0.wheel
[2025-03-18 14:50:33.997] [info] reading rules from ../projective_dual_configurations/rule/ ...
[2025-03-18 14:50:34.004] [info] reading rules from ./torus_send ...
[2025-03-18 14:50:34.112] [info] reading confs from ../projective_dual_configurations/reducible/conf/ ...
[2025-03-18 14:50:37.457] [info] finish reading confs from ../projective_dual_configurations/reducible/conf/ ...
[2025-03-18 14:50:37.457] [info] start evaluating ./torus_wheel/7_0.wheel
[2025-03-18 14:51:19.730] [info] extending third neighbors...
[2025-03-18 14:51:28.819] [info] number of cartwheel to check : 4
[2025-03-18 14:51:28.819] [debug] checking cartwheel [0/4]
[2025-03-18 14:51:28.822] [debug] charges receive: ("5", 3), ("5", 4), ("5", 3), ("6", 1), ("6", 0), ("6", 0), ("7", 0)
[2025-03-18 14:51:28.822] [debug] cartwheel : 20 90 7 5 5 5 6 6 6 7 9+ 9+ 9+ 9+ 9+ 9+ 9+ 9+ 9+ 9+ 9+ 9+ 0 1 0 2 0 3 0 4 0 5 0 6 0 7 1 0 1 2 1 7 1 8 1 14 2 0 2 1 2 3 2 8 2 9 3 0 3 2 3 4 3 9 3 10 4 0 4 3 4 5 4 10 4 11 4 15 5 0 5 4 5 6 5 11 5 12 5 16 6 0 6 5 6 7 6 12 6 13 6 17 7 0 7 1 7 6 7 13 7 14 7 18 7 19 8 1 8 2 8 9 8 14 9 2 9 3 9 8 9 10 10 3 10 4 10 9 10 15 11 4 11 5 11 15 11 16 12 5 12 6 12 16 12 17 13 6 13 7 13 17 13 18 14 1 14 7 14 8 14 19 15 4 15 10 15 11 16 5 16 11 16 12 17 6 17 12 17 13 18 7 18 13 18 19 19 7 19 14 19 18 
[2025-03-18 14:51:28.822] [debug] charge (initial, receive, send, result) : -10, 11, 1, 0
[2025-03-18 14:51:28.822] [info] overcharged cartwheel (for machine) : 20 90 7 5 5 5 6 6 6 7 ? ? ? ? ? ? ? ? ? ? ? ? 0 1 0 2 0 3 0 4 0 5 0 6 0 7 1 0 1 2 1 7 1 8 1 14 2 0 2 1 2 3 2 8 2 9 3 0 3 2 3 4 3 9 3 10 4 0 4 3 4 5 4 10 4 11 4 15 5 0 5 4 5 6 5 11 5 12 5 16 6 0 6 5 6 7 6 12 6 13 6 17 7 0 7 1 7 6 7 13 7 14 7 18 7 19 8 1 8 2 8 9 8 14 9 2 9 3 9 8 9 10 10 3 10 4 10 9 10 15 11 4 11 5 11 15 11 16 12 5 12 6 12 16 12 17 13 6 13 7 13 17 13 18 14 1 14 7 14 8 14 19 15 4 15 10 15 11 16 5 16 11 16 12 17 6 17 12 17 13 18 7 18 13 18 19 19 7 19 14 19 18 
[2025-03-18 14:51:28.822] [debug] checking cartwheel [1/4]
[2025-03-18 14:51:28.823] [debug] charges receive: ("5", 3), ("5", 5), ("5", 4), ("6", 1), ("6", 0), ("6", 0), ("7", 0)
[2025-03-18 14:51:28.823] [debug] cartwheel : 21 96 7 5 5 5 6 6 6 7 9+ 5 9+ 9+ 9+ 9+ 9+ 9+ 9+ 9+ 9+ 9+ 9+ 0 1 0 2 0 3 0 4 0 5 0 6 0 7 1 0 1 2 1 7 1 8 1 14 2 0 2 1 2 3 2 8 2 9 3 0 3 2 3 4 3 9 3 10 4 0 4 3 4 5 4 10 4 11 4 15 5 0 5 4 5 6 5 11 5 12 5 16 6 0 6 5 6 7 6 12 6 13 6 17 7 0 7 1 7 6 7 13 7 14 7 18 7 19 8 1 8 2 8 9 8 14 8 20 9 2 9 3 9 8 9 10 9 20 10 3 10 4 10 9 10 15 10 20 11 4 11 5 11 15 11 16 12 5 12 6 12 16 12 17 13 6 13 7 13 17 13 18 14 1 14 7 14 8 14 19 15 4 15 10 15 11 16 5 16 11 16 12 17 6 17 12 17 13 18 7 18 13 18 19 19 7 19 14 19 18 20 8 20 9 20 10 
[2025-03-18 14:51:28.823] [debug] charge (initial, receive, send, result) : -10, 13, 3, 0
[2025-03-18 14:51:28.823] [info] overcharged cartwheel (for machine) : 21 96 7 5 5 5 6 6 6 7 ? 5 ? ? ? ? ? ? ? ? ? ? ? 0 1 0 2 0 3 0 4 0 5 0 6 0 7 1 0 1 2 1 7 1 8 1 14 2 0 2 1 2 3 2 8 2 9 3 0 3 2 3 4 3 9 3 10 4 0 4 3 4 5 4 10 4 11 4 15 5 0 5 4 5 6 5 11 5 12 5 16 6 0 6 5 6 7 6 12 6 13 6 17 7 0 7 1 7 6 7 13 7 14 7 18 7 19 8 1 8 2 8 9 8 14 8 20 9 2 9 3 9 8 9 10 9 20 10 3 10 4 10 9 10 15 10 20 11 4 11 5 11 15 11 16 12 5 12 6 12 16 12 17 13 6 13 7 13 17 13 18 14 1 14 7 14 8 14 19 15 4 15 10 15 11 16 5 16 11 16 12 17 6 17 12 17 13 18 7 18 13 18 19 19 7 19 14 19 18 20 8 20 9 20 10 
[2025-03-18 14:51:28.823] [debug] checking cartwheel [2/4]
[2025-03-18 14:51:28.824] [debug] charges receive: ("5", 4), ("5", 5), ("5", 3), ("6", 1), ("6", 0), ("6", 0), ("7", 0)
[2025-03-18 14:51:28.824] [debug] cartwheel : 21 96 7 5 5 5 6 6 6 7 5 9+ 9+ 9+ 9+ 9+ 9+ 9+ 9+ 9+ 9+ 9+ 9+ 0 1 0 2 0 3 0 4 0 5 0 6 0 7 1 0 1 2 1 7 1 8 1 14 2 0 2 1 2 3 2 8 2 9 3 0 3 2 3 4 3 9 3 10 4 0 4 3 4 5 4 10 4 11 4 15 5 0 5 4 5 6 5 11 5 12 5 16 6 0 6 5 6 7 6 12 6 13 6 17 7 0 7 1 7 6 7 13 7 14 7 18 7 19 8 1 8 2 8 9 8 14 8 20 9 2 9 3 9 8 9 10 9 20 10 3 10 4 10 9 10 15 11 4 11 5 11 15 11 16 12 5 12 6 12 16 12 17 13 6 13 7 13 17 13 18 14 1 14 7 14 8 14 19 14 20 15 4 15 10 15 11 16 5 16 11 16 12 17 6 17 12 17 13 18 7 18 13 18 19 19 7 19 14 19 18 20 8 20 9 20 14 
[2025-03-18 14:51:28.824] [debug] charge (initial, receive, send, result) : -10, 13, 3, 0
[2025-03-18 14:51:28.824] [info] overcharged cartwheel (for machine) : 21 96 7 5 5 5 6 6 6 7 5 ? ? ? ? ? ? ? ? ? ? ? ? 0 1 0 2 0 3 0 4 0 5 0 6 0 7 1 0 1 2 1 7 1 8 1 14 2 0 2 1 2 3 2 8 2 9 3 0 3 2 3 4 3 9 3 10 4 0 4 3 4 5 4 10 4 11 4 15 5 0 5 4 5 6 5 11 5 12 5 16 6 0 6 5 6 7 6 12 6 13 6 17 7 0 7 1 7 6 7 13 7 14 7 18 7 19 8 1 8 2 8 9 8 14 8 20 9 2 9 3 9 8 9 10 9 20 10 3 10 4 10 9 10 15 11 4 11 5 11 15 11 16 12 5 12 6 12 16 12 17 13 6 13 7 13 17 13 18 14 1 14 7 14 8 14 19 14 20 15 4 15 10 15 11 16 5 16 11 16 12 17 6 17 12 17 13 18 7 18 13 18 19 19 7 19 14 19 18 20 8 20 9 20 14 
[2025-03-18 14:51:28.824] [debug] checking cartwheel [3/4]
[2025-03-18 14:51:28.825] [debug] charges receive: ("5", 4), ("5", 4), ("5", 4), ("6", 1), ("6", 0), ("6", 0), ("7", 0)
[2025-03-18 14:51:28.825] [debug] cartwheel : 23 106 7 5 5 5 6 6 6 7 6 6 9+ 9+ 9+ 9+ 9+ 9+ 9+ 9+ 9+ 9+ 9+ 9+ 9+ 0 1 0 2 0 3 0 4 0 5 0 6 0 7 1 0 1 2 1 7 1 8 1 14 2 0 2 1 2 3 2 8 2 9 3 0 3 2 3 4 3 9 3 10 4 0 4 3 4 5 4 10 4 11 4 15 5 0 5 4 5 6 5 11 5 12 5 16 6 0 6 5 6 7 6 12 6 13 6 17 7 0 7 1 7 6 7 13 7 14 7 18 7 19 8 1 8 2 8 9 8 14 8 20 8 21 9 2 9 3 9 8 9 10 9 21 9 22 10 3 10 4 10 9 10 15 10 22 11 4 11 5 11 15 11 16 12 5 12 6 12 16 12 17 13 6 13 7 13 17 13 18 14 1 14 7 14 8 14 19 14 20 15 4 15 10 15 11 16 5 16 11 16 12 17 6 17 12 17 13 18 7 18 13 18 19 19 7 19 14 19 18 20 8 20 14 20 21 21 8 21 9 21 20 21 22 22 9 22 10 22 21 
[2025-03-18 14:51:28.825] [debug] charge (initial, receive, send, result) : -10, 13, 3, 0
[2025-03-18 14:51:28.825] [info] overcharged cartwheel (for machine) : 23 106 7 5 5 5 6 6 6 7 6 6 ? ? ? ? ? ? ? ? ? ? ? ? ? 0 1 0 2 0 3 0 4 0 5 0 6 0 7 1 0 1 2 1 7 1 8 1 14 2 0 2 1 2 3 2 8 2 9 3 0 3 2 3 4 3 9 3 10 4 0 4 3 4 5 4 10 4 11 4 15 5 0 5 4 5 6 5 11 5 12 5 16 6 0 6 5 6 7 6 12 6 13 6 17 7 0 7 1 7 6 7 13 7 14 7 18 7 19 8 1 8 2 8 9 8 14 8 20 8 21 9 2 9 3 9 8 9 10 9 21 9 22 10 3 10 4 10 9 10 15 10 22 11 4 11 5 11 15 11 16 12 5 12 6 12 16 12 17 13 6 13 7 13 17 13 18 14 1 14 7 14 8 14 19 14 20 15 4 15 10 15 11 16 5 16 11 16 12 17 6 17 12 17 13 18 7 18 13 18 19 19 7 19 14 19 18 20 8 20 14 20 21 21 8 21 9 21 20 21 22 22 9 22 10 22 21 
[2025-03-18 14:51:28.825] [info] the ratio of overcharged cartwheel 4/4
